Arguments: 
  /usr/local/Cellar/node/18.10.0/bin/node /usr/local/Cellar/yarn/1.22.19/libexec/bin/yarn.js add @fortsource/pt-sans

PATH: 
  /usr/local/bin:/usr/bin:/bin:/usr/sbin:/sbin:/Library/Apple/usr/bin

Yarn version: 
  1.22.19

Node version: 
  18.10.0

Platform: 
  darwin x64

Trace: 
  Error: https://registry.yarnpkg.com/@fortsource%2fpt-sans: Not found
      at params.callback [as _callback] (/usr/local/Cellar/yarn/1.22.19/libexec/lib/cli.js:66145:18)
      at self.callback (/usr/local/Cellar/yarn/1.22.19/libexec/lib/cli.js:140890:22)
      at Request.emit (node:events:513:28)
      at Request.<anonymous> (/usr/local/Cellar/yarn/1.22.19/libexec/lib/cli.js:141862:10)
      at Request.emit (node:events:513:28)
      at IncomingMessage.<anonymous> (/usr/local/Cellar/yarn/1.22.19/libexec/lib/cli.js:141784:12)
      at Object.onceWrapper (node:events:627:28)
      at IncomingMessage.emit (node:events:525:35)
      at endReadableNT (node:internal/streams/readable:1359:12)
      at process.processTicksAndRejections (node:internal/process/task_queues:82:21)

npm manifest: 
  {
    "name": "skyhive-integration-hub-ui",
    "version": "0.1.0",
    "private": true,
    "dependencies": {
      "@emotion/react": "^11.10.4",
      "@emotion/styled": "^11.10.4",
      "@mui/icons-material": "^5.10.9",
      "@mui/material": "^5.10.11",
      "@mui/x-data-grid": "^5.17.8",
      "@testing-library/jest-dom": "^5.16.5",
      "@testing-library/react": "^13.4.0",
      "@testing-library/user-event": "^13.5.0",
      "@tinymce/tinymce-react": "^4.2.0",
      "bootstrap": "^5.2.2",
      "firebase": "^9.12.1",
      "react": "^18.2.0",
      "react-bootstrap": "^2.5.0",
      "react-cookie": "^4.1.1",
      "react-copy-to-clipboard": "^5.1.0",
      "react-dom": "^18.2.0",
      "react-router-dom": "^6.4.3",
      "react-scripts": "5.0.1",
      "reactstrap": "^9.1.4",
      "web-vitals": "^2.1.4"
    },
    "scripts": {
      "start": "react-scripts start",
      "build": "react-scripts build",
      "test": "react-scripts test",
      "eject": "react-scripts eject"
    },
    "eslintConfig": {
      "extends": [
        "react-app",
        "react-app/jest"
      ]
    },
    "browserslist": {
      "production": [
        ">0.2%",
        "not dead",
        "not op_mini all"
      ],
      "development": [
        "last 1 chrome version",
        "last 1 firefox version",
        "last 1 safari version"
      ]
    }
  }

yarn manifest: 
  No manifest

Lockfile: 
  No lockfile
